TN:
SF:C:\Users\sakthivelu.selvam\Downloads\pSiddhi\semester 2\Final_Dottest_Kit\DotTestKit\OMSClient\src\polyfills.ts
FNF:0
FNH:0
LF:0
LH:0
BRF:0
BRH:0
end_of_record
TN:
SF:C:\Users\sakthivelu.selvam\Downloads\pSiddhi\semester 2\Final_Dottest_Kit\DotTestKit\OMSClient\src\test.ts
FNF:0
FNH:0
DA:13,1
DA:18,1
DA:20,1
LF:3
LH:3
BRF:0
BRH:0
end_of_record
TN:
SF:C:\Users\sakthivelu.selvam\Downloads\pSiddhi\semester 2\Final_Dottest_Kit\DotTestKit\OMSClient\src\app\data.service.ts
FN:13,(anonymous_0)
FN:20,DataService
FN:22,(anonymous_2)
FN:26,(anonymous_3)
FN:30,(anonymous_4)
FN:34,(anonymous_5)
FN:38,(anonymous_6)
FN:42,(anonymous_7)
FN:46,(anonymous_8)
FN:50,(anonymous_9)
FN:54,(anonymous_10)
FN:58,(anonymous_11)
FN:62,(anonymous_12)
FN:66,(anonymous_13)
FN:70,(anonymous_14)
FN:74,(anonymous_15)
FN:78,(anonymous_16)
FN:82,(anonymous_17)
FN:86,(anonymous_18)
FN:90,(anonymous_19)
FN:94,(anonymous_20)
FN:98,(anonymous_21)
FN:102,(anonymous_22)
FN:106,(anonymous_23)
FN:110,(anonymous_24)
FN:114,(anonymous_25)
FN:118,(anonymous_26)
FN:122,(anonymous_27)
FN:126,(anonymous_28)
FN:131,(anonymous_29)
FN:136,(anonymous_30)
FN:140,(anonymous_31)
FN:144,(anonymous_32)
FN:148,(anonymous_33)
FNF:34
FNH:14
FNDA:1,(anonymous_0)
FNDA:12,DataService
FNDA:0,(anonymous_2)
FNDA:1,(anonymous_3)
FNDA:1,(anonymous_4)
FNDA:1,(anonymous_5)
FNDA:1,(anonymous_6)
FNDA:1,(anonymous_7)
FNDA:0,(anonymous_8)
FNDA:0,(anonymous_9)
FNDA:1,(anonymous_10)
FNDA:1,(anonymous_11)
FNDA:1,(anonymous_12)
FNDA:0,(anonymous_13)
FNDA:1,(anonymous_14)
FNDA:1,(anonymous_15)
FNDA:1,(anonymous_16)
FNDA:1,(anonymous_17)
FNDA:0,(anonymous_18)
FNDA:0,(anonymous_19)
FNDA:0,(anonymous_20)
FNDA:0,(anonymous_21)
FNDA:0,(anonymous_22)
FNDA:0,(anonymous_23)
FNDA:0,(anonymous_24)
FNDA:0,(anonymous_25)
FNDA:0,(anonymous_26)
FNDA:0,(anonymous_27)
FNDA:0,(anonymous_28)
FNDA:0,(anonymous_29)
FNDA:0,(anonymous_30)
FNDA:0,(anonymous_31)
FNDA:0,(anonymous_32)
FNDA:0,(anonymous_33)
DA:13,1
DA:14,12
DA:15,12
DA:16,12
DA:17,12
DA:18,12
DA:19,12
DA:20,12
DA:22,1
DA:23,0
DA:26,1
DA:27,1
DA:30,1
DA:31,1
DA:34,1
DA:35,1
DA:38,1
DA:39,1
DA:42,1
DA:43,1
DA:46,1
DA:47,0
DA:50,1
DA:51,0
DA:54,1
DA:55,1
DA:58,1
DA:59,1
DA:62,1
DA:63,1
DA:66,1
DA:67,0
DA:70,1
DA:71,1
DA:74,1
DA:75,1
DA:78,1
DA:79,1
DA:82,1
DA:83,1
DA:86,1
DA:87,0
DA:90,1
DA:91,0
DA:94,1
DA:95,0
DA:98,1
DA:99,0
DA:102,1
DA:103,0
DA:106,1
DA:107,0
DA:110,1
DA:111,0
DA:114,1
DA:115,0
DA:118,1
DA:119,0
DA:122,1
DA:123,0
DA:126,1
DA:128,0
DA:131,1
DA:133,0
DA:136,1
DA:137,0
DA:140,1
DA:141,0
DA:144,1
DA:145,0
DA:148,1
DA:149,0
DA:151,1
LF:73
LH:53
BRF:0
BRH:0
end_of_record
TN:
SF:C:\Users\sakthivelu.selvam\Downloads\pSiddhi\semester 2\Final_Dottest_Kit\DotTestKit\OMSClient\src\app\address-card\address-card.component.ts
FN:13,(anonymous_0)
FN:17,AddressCardComponent
FN:24,(anonymous_2)
FN:27,(anonymous_3)
FN:34,(anonymous_4)
FN:43,(anonymous_5)
FN:60,(anonymous_6)
FN:64,(anonymous_7)
FN:65,(anonymous_8)
FN:75,(anonymous_9)
FN:76,(anonymous_10)
FN:87,(anonymous_11)
FN:88,(anonymous_12)
FN:97,(anonymous_13)
FN:98,(anonymous_14)
FNF:15
FNH:15
FNDA:1,(anonymous_0)
FNDA:11,AddressCardComponent
FNDA:12,(anonymous_2)
FNDA:12,(anonymous_3)
FNDA:2,(anonymous_4)
FNDA:2,(anonymous_5)
FNDA:11,(anonymous_6)
FNDA:13,(anonymous_7)
FNDA:13,(anonymous_8)
FNDA:2,(anonymous_9)
FNDA:2,(anonymous_10)
FNDA:2,(anonymous_11)
FNDA:2,(anonymous_12)
FNDA:1,(anonymous_13)
FNDA:1,(anonymous_14)
DA:13,1
DA:14,11
DA:15,11
DA:16,11
DA:18,11
DA:19,11
DA:20,11
DA:21,11
DA:24,12
DA:25,12
DA:26,12
DA:27,12
DA:28,12
DA:29,8
DA:34,1
DA:35,2
DA:36,2
DA:37,1
DA:39,1
DA:43,1
DA:44,2
DA:45,2
DA:46,1
DA:48,2
DA:49,1
DA:51,2
DA:52,1
DA:54,2
DA:55,1
DA:57,2
DA:60,1
DA:61,11
DA:64,13
DA:65,13
DA:66,13
DA:67,7
DA:68,7
DA:70,6
DA:75,2
DA:76,2
DA:77,2
DA:78,1
DA:79,1
DA:80,1
DA:82,1
DA:87,2
DA:88,2
DA:89,2
DA:90,1
DA:92,1
DA:97,1
DA:98,1
DA:99,1
DA:100,1
DA:103,1
LF:55
LH:55
BRDA:28,0,0,8
BRDA:28,0,1,4
BRDA:35,1,0,0
BRDA:35,1,1,2
BRDA:36,2,0,1
BRDA:36,2,1,1
BRDA:45,3,0,1
BRDA:45,3,1,1
BRDA:48,4,0,1
BRDA:48,4,1,1
BRDA:51,5,0,1
BRDA:51,5,1,1
BRDA:54,6,0,1
BRDA:54,6,1,1
BRDA:66,7,0,7
BRDA:66,7,1,6
BRDA:77,8,0,1
BRDA:77,8,1,1
BRDA:89,9,0,1
BRDA:89,9,1,1
BRF:20
BRH:19
end_of_record
TN:
SF:C:\Users\sakthivelu.selvam\Downloads\pSiddhi\semester 2\Final_Dottest_Kit\DotTestKit\OMSClient\src\app\address-list\address-list.component.ts
FN:12,(anonymous_0)
FN:15,AddressListComponent
FN:23,(anonymous_2)
FN:24,(anonymous_3)
FN:34,(anonymous_4)
FN:38,(anonymous_5)
FN:42,(anonymous_6)
FNF:7
FNH:7
FNDA:1,(anonymous_0)
FNDA:6,AddressListComponent
FNDA:2,(anonymous_2)
FNDA:2,(anonymous_3)
FNDA:1,(anonymous_4)
FNDA:1,(anonymous_5)
FNDA:2,(anonymous_6)
DA:12,1
DA:14,6
DA:16,6
DA:17,6
DA:18,6
DA:21,1
DA:23,2
DA:24,2
DA:25,2
DA:26,1
DA:27,1
DA:29,1
DA:34,1
DA:35,1
DA:38,1
DA:39,1
DA:42,1
DA:43,2
DA:45,1
LF:19
LH:19
BRDA:25,0,0,1
BRDA:25,0,1,1
BRF:2
BRH:2
end_of_record
TN:
SF:C:\Users\sakthivelu.selvam\Downloads\pSiddhi\semester 2\Final_Dottest_Kit\DotTestKit\OMSClient\src\app\customer-card\customer-card.component.ts
FN:14,(anonymous_0)
FN:17,CustomerCardComponent
FN:25,(anonymous_2)
FN:30,(anonymous_3)
FN:34,(anonymous_4)
FN:43,(anonymous_5)
FN:48,(anonymous_6)
FN:57,(anonymous_7)
FN:61,(anonymous_8)
FN:62,(anonymous_9)
FN:72,(anonymous_10)
FN:73,(anonymous_11)
FN:84,(anonymous_12)
FN:85,(anonymous_13)
FN:94,(anonymous_14)
FN:95,(anonymous_15)
FN:101,(anonymous_16)
FNF:17
FNH:17
FNDA:1,(anonymous_0)
FNDA:13,CustomerCardComponent
FNDA:2,(anonymous_2)
FNDA:1,(anonymous_3)
FNDA:3,(anonymous_4)
FNDA:2,(anonymous_5)
FNDA:2,(anonymous_6)
FNDA:9,(anonymous_7)
FNDA:2,(anonymous_8)
FNDA:2,(anonymous_9)
FNDA:3,(anonymous_10)
FNDA:3,(anonymous_11)
FNDA:3,(anonymous_12)
FNDA:3,(anonymous_13)
FNDA:1,(anonymous_14)
FNDA:1,(anonymous_15)
FNDA:3,(anonymous_16)
DA:14,1
DA:15,13
DA:16,13
DA:18,13
DA:19,13
DA:20,13
DA:21,13
DA:22,13
DA:25,1
DA:26,2
DA:27,2
DA:30,1
DA:31,1
DA:34,1
DA:35,3
DA:36,2
DA:37,1
DA:39,1
DA:43,2
DA:44,2
DA:48,2
DA:49,2
DA:50,1
DA:52,1
DA:57,1
DA:58,9
DA:61,2
DA:62,2
DA:63,2
DA:64,1
DA:65,1
DA:67,1
DA:72,3
DA:73,3
DA:74,3
DA:75,2
DA:76,2
DA:77,2
DA:79,1
DA:84,3
DA:85,3
DA:86,3
DA:87,2
DA:89,1
DA:94,1
DA:95,1
DA:96,1
DA:97,1
DA:101,1
DA:102,3
DA:103,3
DA:104,3
DA:106,1
LF:53
LH:53
BRDA:35,0,0,1
BRDA:35,0,1,2
BRDA:36,1,0,1
BRDA:36,1,1,1
BRDA:49,2,0,1
BRDA:49,2,1,1
BRDA:63,3,0,1
BRDA:63,3,1,1
BRDA:74,4,0,2
BRDA:74,4,1,1
BRDA:86,5,0,2
BRDA:86,5,1,1
BRDA:103,6,0,1
BRDA:103,6,1,2
BRF:14
BRH:14
end_of_record
TN:
SF:C:\Users\sakthivelu.selvam\Downloads\pSiddhi\semester 2\Final_Dottest_Kit\DotTestKit\OMSClient\src\app\customer-list\customer-list.component.ts
FN:13,(anonymous_0)
FN:17,CustomerListComponent
FN:25,(anonymous_2)
FN:26,(anonymous_3)
FN:36,(anonymous_4)
FN:40,(anonymous_5)
FN:44,(anonymous_6)
FNF:7
FNH:7
FNDA:1,(anonymous_0)
FNDA:7,CustomerListComponent
FNDA:7,(anonymous_2)
FNDA:7,(anonymous_3)
FNDA:1,(anonymous_4)
FNDA:1,(anonymous_5)
FNDA:2,(anonymous_6)
DA:13,1
DA:15,7
DA:18,7
DA:19,7
DA:20,7
DA:23,1
DA:25,7
DA:26,7
DA:27,7
DA:28,6
DA:29,6
DA:31,1
DA:36,1
DA:37,1
DA:40,1
DA:41,1
DA:44,1
DA:45,2
DA:47,1
LF:19
LH:19
BRDA:27,0,0,6
BRDA:27,0,1,1
BRF:2
BRH:2
end_of_record
TN:
SF:C:\Users\sakthivelu.selvam\Downloads\pSiddhi\semester 2\Final_Dottest_Kit\DotTestKit\OMSClient\src\app\item-card\item-card.component.ts
FN:14,(anonymous_0)
FN:18,ItemCardComponent
FN:25,(anonymous_2)
FN:28,(anonymous_3)
FN:33,(anonymous_4)
FN:42,(anonymous_5)
FN:56,(anonymous_6)
FN:57,(anonymous_7)
FN:67,(anonymous_8)
FN:68,(anonymous_9)
FN:74,(anonymous_10)
FN:75,(anonymous_11)
FN:86,(anonymous_12)
FN:87,(anonymous_13)
FN:96,(anonymous_14)
FNF:15
FNH:15
FNDA:1,(anonymous_0)
FNDA:12,ItemCardComponent
FNDA:2,(anonymous_2)
FNDA:2,(anonymous_3)
FNDA:3,(anonymous_4)
FNDA:3,(anonymous_5)
FNDA:2,(anonymous_6)
FNDA:2,(anonymous_7)
FNDA:1,(anonymous_8)
FNDA:1,(anonymous_9)
FNDA:2,(anonymous_10)
FNDA:2,(anonymous_11)
FNDA:2,(anonymous_12)
FNDA:2,(anonymous_13)
FNDA:7,(anonymous_14)
DA:14,1
DA:15,12
DA:16,12
DA:17,12
DA:19,12
DA:20,12
DA:21,12
DA:22,12
DA:25,2
DA:26,2
DA:27,2
DA:28,2
DA:29,2
DA:33,1
DA:34,3
DA:35,2
DA:36,1
DA:38,1
DA:42,1
DA:43,3
DA:44,3
DA:45,1
DA:47,3
DA:48,1
DA:50,3
DA:51,1
DA:53,3
DA:56,2
DA:57,2
DA:58,2
DA:59,1
DA:60,1
DA:62,1
DA:67,1
DA:68,1
DA:69,1
DA:70,1
DA:74,2
DA:75,2
DA:76,2
DA:77,1
DA:78,1
DA:79,1
DA:81,1
DA:86,2
DA:87,2
DA:88,2
DA:89,1
DA:91,1
DA:96,1
DA:97,7
DA:99,1
LF:52
LH:52
BRDA:34,0,0,1
BRDA:34,0,1,2
BRDA:35,1,0,1
BRDA:35,1,1,1
BRDA:44,2,0,1
BRDA:44,2,1,2
BRDA:47,3,0,1
BRDA:47,3,1,2
BRDA:50,4,0,1
BRDA:50,4,1,2
BRDA:58,5,0,1
BRDA:58,5,1,1
BRDA:76,6,0,1
BRDA:76,6,1,1
BRDA:88,7,0,1
BRDA:88,7,1,1
BRF:16
BRH:16
end_of_record
TN:
SF:C:\Users\sakthivelu.selvam\Downloads\pSiddhi\semester 2\Final_Dottest_Kit\DotTestKit\OMSClient\src\app\item-list\item-list.component.ts
FN:12,(anonymous_0)
FN:15,ItemListComponent
FN:23,(anonymous_2)
FN:24,(anonymous_3)
FN:34,(anonymous_4)
FN:38,(anonymous_5)
FN:42,(anonymous_6)
FNF:7
FNH:7
FNDA:1,(anonymous_0)
FNDA:6,ItemListComponent
FNDA:2,(anonymous_2)
FNDA:2,(anonymous_3)
FNDA:1,(anonymous_4)
FNDA:1,(anonymous_5)
FNDA:2,(anonymous_6)
DA:12,1
DA:14,6
DA:16,6
DA:17,6
DA:18,6
DA:21,1
DA:23,2
DA:24,2
DA:25,2
DA:26,1
DA:27,1
DA:29,1
DA:34,1
DA:35,1
DA:38,1
DA:39,1
DA:42,1
DA:43,2
DA:45,1
LF:19
LH:19
BRDA:25,0,0,1
BRDA:25,0,1,1
BRF:2
BRH:2
end_of_record
TN:
SF:C:\Users\sakthivelu.selvam\Downloads\pSiddhi\semester 2\Final_Dottest_Kit\DotTestKit\OMSClient\src\app\mockData\mock-data.ts
FNF:0
FNH:0
DA:11,1
DA:22,1
DA:28,1
DA:70,1
DA:90,1
DA:112,1
DA:117,1
DA:123,1
DA:127,1
DA:131,1
DA:140,1
DA:151,1
DA:161,1
DA:171,1
DA:177,1
DA:186,1
DA:194,1
DA:202,1
DA:207,1
DA:212,1
DA:217,1
LF:21
LH:21
BRF:0
BRH:0
end_of_record
TN:
SF:C:\Users\sakthivelu.selvam\Downloads\pSiddhi\semester 2\Final_Dottest_Kit\DotTestKit\OMSClient\src\app\navbar\navbar.component.ts
FN:9,(anonymous_0)
FN:11,NavbarComponent
FN:13,(anonymous_2)
FN:16,(anonymous_3)
FN:20,(anonymous_4)
FN:24,(anonymous_5)
FN:28,(anonymous_6)
FN:32,(anonymous_7)
FNF:8
FNH:8
FNDA:1,(anonymous_0)
FNDA:7,NavbarComponent
FNDA:8,(anonymous_2)
FNDA:1,(anonymous_3)
FNDA:1,(anonymous_4)
FNDA:1,(anonymous_5)
FNDA:1,(anonymous_6)
FNDA:1,(anonymous_7)
DA:9,1
DA:10,7
DA:11,7
DA:13,1
DA:16,1
DA:17,1
DA:20,1
DA:21,1
DA:24,1
DA:25,1
DA:28,1
DA:29,1
DA:32,1
DA:33,1
DA:35,1
LF:15
LH:15
BRF:0
BRH:0
end_of_record
TN:
SF:C:\Users\sakthivelu.selvam\Downloads\pSiddhi\semester 2\Final_Dottest_Kit\DotTestKit\OMSClient\src\app\sales-order-card\sales-order-card.component.ts
FN:24,(anonymous_0)
FN:42,SalesOrderCardComponent
FN:50,(anonymous_2)
FN:53,(anonymous_3)
FN:56,(anonymous_4)
FN:61,(anonymous_5)
FN:62,(anonymous_6)
FN:75,(anonymous_7)
FN:78,(anonymous_8)
FN:83,(anonymous_9)
FN:92,(anonymous_10)
FN:103,(anonymous_11)
FN:114,(anonymous_12)
FN:122,(anonymous_13)
FN:145,(anonymous_14)
FN:161,(anonymous_15)
FN:162,(anonymous_16)
FN:175,(anonymous_17)
FN:178,(anonymous_18)
FN:188,(anonymous_19)
FN:193,(anonymous_20)
FN:202,(anonymous_21)
FN:203,(anonymous_22)
FN:211,(anonymous_23)
FN:212,(anonymous_24)
FN:216,(anonymous_25)
FN:223,(anonymous_26)
FN:226,(anonymous_27)
FN:234,(anonymous_28)
FN:245,(anonymous_29)
FNF:30
FNH:28
FNDA:1,(anonymous_0)
FNDA:11,SalesOrderCardComponent
FNDA:11,(anonymous_2)
FNDA:11,(anonymous_3)
FNDA:11,(anonymous_4)
FNDA:12,(anonymous_5)
FNDA:12,(anonymous_6)
FNDA:11,(anonymous_7)
FNDA:11,(anonymous_8)
FNDA:1,(anonymous_9)
FNDA:1,(anonymous_10)
FNDA:3,(anonymous_11)
FNDA:0,(anonymous_12)
FNDA:3,(anonymous_13)
FNDA:0,(anonymous_14)
FNDA:1,(anonymous_15)
FNDA:1,(anonymous_16)
FNDA:1,(anonymous_17)
FNDA:1,(anonymous_18)
FNDA:2,(anonymous_19)
FNDA:2,(anonymous_20)
FNDA:1,(anonymous_21)
FNDA:1,(anonymous_22)
FNDA:1,(anonymous_23)
FNDA:1,(anonymous_24)
FNDA:1,(anonymous_25)
FNDA:1,(anonymous_26)
FNDA:1,(anonymous_27)
FNDA:13,(anonymous_28)
FNDA:8,(anonymous_29)
DA:24,1
DA:25,11
DA:26,11
DA:27,11
DA:28,11
DA:29,11
DA:30,11
DA:32,11
DA:33,11
DA:34,11
DA:43,11
DA:44,11
DA:45,11
DA:46,11
DA:47,11
DA:50,11
DA:51,11
DA:52,11
DA:53,11
DA:54,11
DA:56,11
DA:57,11
DA:61,12
DA:62,12
DA:63,12
DA:64,11
DA:65,11
DA:66,11
DA:67,11
DA:68,11
DA:70,1
DA:75,11
DA:76,11
DA:79,11
DA:83,1
DA:84,1
DA:90,1
DA:93,1
DA:94,1
DA:95,1
DA:96,1
DA:97,1
DA:98,1
DA:103,1
DA:104,3
DA:105,1
DA:107,2
DA:108,1
DA:110,1
DA:114,1
DA:115,0
DA:116,0
DA:117,0
DA:119,0
DA:122,1
DA:123,3
DA:124,3
DA:125,1
DA:127,3
DA:128,1
DA:130,3
DA:131,1
DA:133,3
DA:134,1
DA:136,3
DA:137,0
DA:138,0
DA:142,3
DA:145,1
DA:146,0
DA:147,0
DA:149,0
DA:150,0
DA:152,0
DA:153,0
DA:155,0
DA:156,0
DA:158,0
DA:161,1
DA:162,1
DA:163,1
DA:164,1
DA:165,1
DA:166,1
DA:167,1
DA:168,1
DA:170,0
DA:175,1
DA:176,1
DA:179,1
DA:180,1
DA:181,1
DA:183,0
DA:188,2
DA:189,2
DA:193,2
DA:194,2
DA:195,1
DA:197,1
DA:202,1
DA:203,1
DA:204,1
DA:205,1
DA:206,1
DA:211,1
DA:212,1
DA:213,1
DA:214,1
DA:215,1
DA:216,1
DA:219,1
DA:223,1
DA:224,1
DA:227,1
DA:228,1
DA:229,1
DA:234,1
DA:238,13
DA:239,13
DA:240,13
DA:241,13
DA:242,13
DA:245,1
DA:246,8
DA:248,1
LF:125
LH:108
BRDA:63,0,0,11
BRDA:63,0,1,1
BRDA:93,1,0,1
BRDA:93,1,1,0
BRDA:104,2,0,1
BRDA:104,2,1,2
BRDA:107,3,0,1
BRDA:107,3,1,1
BRDA:115,4,0,0
BRDA:115,4,1,0
BRDA:124,5,0,1
BRDA:124,5,1,2
BRDA:127,6,0,1
BRDA:127,6,1,2
BRDA:130,7,0,1
BRDA:130,7,1,2
BRDA:133,8,0,1
BRDA:133,8,1,2
BRDA:136,9,0,0
BRDA:136,9,1,3
BRDA:146,10,0,0
BRDA:146,10,1,0
BRDA:149,11,0,0
BRDA:149,11,1,0
BRDA:152,12,0,0
BRDA:152,12,1,0
BRDA:155,13,0,0
BRDA:155,13,1,0
BRDA:163,14,0,1
BRDA:163,14,1,0
BRDA:179,15,0,1
BRDA:179,15,1,0
BRDA:194,16,0,1
BRDA:194,16,1,1
BRDA:204,17,0,1
BRDA:204,17,1,0
BRDA:227,18,0,1
BRDA:227,18,1,0
BRF:38
BRH:22
end_of_record
TN:
SF:C:\Users\sakthivelu.selvam\Downloads\pSiddhi\semester 2\Final_Dottest_Kit\DotTestKit\OMSClient\src\app\sales-order-list\sales-order-list.component.ts
FN:14,(anonymous_0)
FN:19,SalesOrderListComponent
FN:27,(anonymous_2)
FN:28,(anonymous_3)
FN:31,(anonymous_4)
FN:47,(anonymous_5)
FN:51,(anonymous_6)
FN:55,(anonymous_7)
FNF:8
FNH:8
FNDA:1,(anonymous_0)
FNDA:7,SalesOrderListComponent
FNDA:4,(anonymous_2)
FNDA:4,(anonymous_3)
FNDA:3,(anonymous_4)
FNDA:1,(anonymous_5)
FNDA:1,(anonymous_6)
FNDA:2,(anonymous_7)
DA:14,1
DA:16,7
DA:17,7
DA:18,7
DA:20,7
DA:21,7
DA:22,7
DA:25,1
DA:27,4
DA:28,4
DA:29,4
DA:30,3
DA:31,3
DA:32,3
DA:33,1
DA:35,3
DA:36,1
DA:39,3
DA:40,3
DA:42,1
DA:47,1
DA:48,1
DA:51,1
DA:52,1
DA:55,1
DA:56,2
DA:58,1
LF:27
LH:27
BRDA:29,0,0,3
BRDA:29,0,1,1
BRDA:32,1,0,1
BRDA:32,1,1,2
BRDA:35,2,0,1
BRDA:35,2,1,2
BRF:6
BRH:6
end_of_record
TN:
SF:C:\Users\sakthivelu.selvam\Downloads\pSiddhi\semester 2\Final_Dottest_Kit\DotTestKit\OMSClient\src\app\unit-of-measure-list\unit-of-measure-list.component.ts
FN:11,(anonymous_0)
FN:15,UnitOfMeasureListComponent
FN:22,(anonymous_2)
FN:23,(anonymous_3)
FN:33,(anonymous_4)
FN:37,(anonymous_5)
FN:38,(anonymous_6)
FN:41,(anonymous_7)
FN:48,(anonymous_8)
FNF:9
FNH:9
FNDA:1,(anonymous_0)
FNDA:6,UnitOfMeasureListComponent
FNDA:4,(anonymous_2)
FNDA:4,(anonymous_3)
FNDA:1,(anonymous_4)
FNDA:1,(anonymous_5)
FNDA:1,(anonymous_6)
FNDA:1,(anonymous_7)
FNDA:3,(anonymous_8)
DA:11,1
DA:12,6
DA:16,6
DA:17,6
DA:20,1
DA:22,4
DA:23,4
DA:24,4
DA:25,3
DA:26,3
DA:28,1
DA:33,1
DA:34,1
DA:37,1
DA:38,1
DA:39,1
DA:40,1
DA:41,1
DA:42,1
DA:43,1
DA:48,1
DA:49,3
DA:51,1
LF:23
LH:23
BRDA:24,0,0,3
BRDA:24,0,1,1
BRDA:39,1,0,1
BRDA:39,1,1,0
BRF:4
BRH:3
end_of_record
TN:
SF:C:\Users\sakthivelu.selvam\Downloads\pSiddhi\semester 2\Final_Dottest_Kit\DotTestKit\OMSClient\src\app\user-confirm\user-confirm.component.ts
FN:9,(anonymous_0)
FN:11,UserConfirmComponent
FN:14,(anonymous_2)
FN:17,(anonymous_3)
FN:21,(anonymous_4)
FNF:5
FNH:5
FNDA:1,(anonymous_0)
FNDA:6,UserConfirmComponent
FNDA:6,(anonymous_2)
FNDA:2,(anonymous_3)
FNDA:2,(anonymous_4)
DA:9,1
DA:11,6
DA:12,6
DA:14,1
DA:17,1
DA:18,2
DA:21,1
DA:22,2
DA:24,1
LF:9
LH:9
BRF:0
BRH:0
end_of_record
